{"level":"info","message":"Cloning repository: https://github.com/prathameshnetake/libvlc","service":"package-evaluator","timestamp":"2024-11-21T04:20:26.891Z"}
{"level":"info","message":"Repository cloned successfully: https://github.com/prathameshnetake/libvlc","service":"package-evaluator","timestamp":"2024-11-21T04:20:26.891Z"}
{"level":"info","message":"Starting correctness metric calculation","service":"package-evaluator","timestamp":"2024-11-21T04:20:26.896Z","url":"https://github.com/prathameshnetake/libvlc"}
{"level":"info","message":"Starting bus factor calculation","service":"package-evaluator","timestamp":"2024-11-21T04:20:26.907Z","url":"https://github.com/prathameshnetake/libvlc"}
{"level":"info","message":"Starting license compatibility check","repoPath":"/Users/jimmyho/Desktop/Fall_2024/ECE46100/Phase_2/Project_Repo/Phase2-Code/cloned_repos","service":"package-evaluator","timestamp":"2024-11-21T04:20:26.908Z"}
{"level":"info","message":"Starting ramp-up time metric calculation","service":"package-evaluator","timestamp":"2024-11-21T04:20:26.908Z","url":"https://github.com/prathameshnetake/libvlc"}
{"level":"info","message":"Fetching README content","owner":"prathameshnetake","repo":"libvlc","service":"package-evaluator","timestamp":"2024-11-21T04:20:26.909Z"}
{"level":"info","message":"Starting responsiveness calculation","service":"package-evaluator","timestamp":"2024-11-21T04:20:26.909Z","url":"https://github.com/prathameshnetake/libvlc"}
{"level":"info","message":"Starting PR code reviews calculation","service":"package-evaluator","timestamp":"2024-11-21T04:20:26.910Z","url":"https://github.com/prathameshnetake/libvlc"}
{"level":"info","message":"Starting Dependency Pinning calculation","service":"package-evaluator","timestamp":"2024-11-21T04:20:26.910Z","url":"https://github.com/prathameshnetake/libvlc"}
{"error":"No such file or directory","level":"error","message":"Error in get_license_compatibility","repoPath":"/Users/jimmyho/Desktop/Fall_2024/ECE46100/Phase_2/Project_Repo/Phase2-Code/cloned_repos","service":"package-evaluator","timestamp":"2024-11-21T04:20:26.911Z"}
{"level":"warn","message":"No pull requests found","owner":"prathameshnetake","repo":"libvlc","service":"package-evaluator","timestamp":"2024-11-21T04:20:27.137Z"}
{"level":"warn","message":"No pull requests found","owner":"prathameshnetake","repo":"libvlc","service":"package-evaluator","timestamp":"2024-11-21T04:20:27.138Z"}
{"latency":228,"level":"info","message":"PR Code Reviews calculation complete","score":0,"service":"package-evaluator","timestamp":"2024-11-21T04:20:27.138Z","url":"https://github.com/prathameshnetake/libvlc"}
{"level":"warn","message":"No closed issues found","owner":"prathameshnetake","repo":"libvlc","service":"package-evaluator","timestamp":"2024-11-21T04:20:27.147Z"}
{"level":"warn","message":"No issues or pull requests found","service":"package-evaluator","timestamp":"2024-11-21T04:20:27.147Z","url":"https://github.com/prathameshnetake/libvlc"}
{"latency":238,"level":"info","message":"Responsiveness calculation complete","score":0,"service":"package-evaluator","timestamp":"2024-11-21T04:20:27.147Z","url":"https://github.com/prathameshnetake/libvlc"}
{"level":"warn","message":"Repository has too few contributors or commits for meaningful score","service":"package-evaluator","timestamp":"2024-11-21T04:20:27.156Z","totalCommits":4,"totalContributors":1}
{"busFactor":1,"latency":249,"level":"info","message":"Bus factor calculation complete","normalizedScore":0,"service":"package-evaluator","timestamp":"2024-11-21T04:20:27.156Z","url":"https://github.com/prathameshnetake/libvlc"}
{"level":"warn","message":"No issues or PRs found for repository","service":"package-evaluator","timestamp":"2024-11-21T04:20:27.172Z"}
{"latency":276,"level":"info","message":"Correctness metric calculation complete","score":0,"service":"package-evaluator","timestamp":"2024-11-21T04:20:27.172Z","url":"https://github.com/prathameshnetake/libvlc"}
{"latency":277,"level":"info","message":"Dependency Pinning calculation complete","score":0,"service":"package-evaluator","timestamp":"2024-11-21T04:20:27.187Z","url":"https://github.com/prathameshnetake/libvlc"}
{"latency":374,"level":"info","message":"Ramp-up time metric calculation complete","score":0,"service":"package-evaluator","timestamp":"2024-11-21T04:20:27.282Z","url":"https://github.com/prathameshnetake/libvlc"}
{"Dependency":0,"PRCodeReviewsResult":0,"busFactor":0,"correctness":0,"level":"info","license":0,"message":"Metrics calculated","netScore":0,"rampUp":0,"responsiveness":0,"service":"package-evaluator","timestamp":"2024-11-21T04:20:27.282Z","totalLatency":386,"url":"https://github.com/prathameshnetake/libvlc"}
{"level":"info","message":"NPM package https://www.npmjs.com/package/unlicensed converted to GitHub URL: https://github.com/ryanve/unlicensed","service":"package-evaluator","timestamp":"2024-11-21T04:21:01.540Z"}
{"level":"info","message":"Cloning repository: https://github.com/ryanve/unlicensed","service":"package-evaluator","timestamp":"2024-11-21T04:21:01.541Z"}
{"level":"info","message":"Repository cloned successfully: https://github.com/ryanve/unlicensed","service":"package-evaluator","timestamp":"2024-11-21T04:21:01.541Z"}
{"level":"info","message":"Starting correctness metric calculation","service":"package-evaluator","timestamp":"2024-11-21T04:21:01.542Z","url":"https://github.com/ryanve/unlicensed"}
{"level":"info","message":"Starting bus factor calculation","service":"package-evaluator","timestamp":"2024-11-21T04:21:01.544Z","url":"https://github.com/ryanve/unlicensed"}
{"level":"info","message":"Starting license compatibility check","repoPath":"/Users/jimmyho/Desktop/Fall_2024/ECE46100/Phase_2/Project_Repo/Phase2-Code/cloned_repos","service":"package-evaluator","timestamp":"2024-11-21T04:21:01.544Z"}
{"level":"info","message":"Starting ramp-up time metric calculation","service":"package-evaluator","timestamp":"2024-11-21T04:21:01.545Z","url":"https://github.com/ryanve/unlicensed"}
{"level":"info","message":"Fetching README content","owner":"ryanve","repo":"unlicensed","service":"package-evaluator","timestamp":"2024-11-21T04:21:01.545Z"}
{"level":"info","message":"Starting responsiveness calculation","service":"package-evaluator","timestamp":"2024-11-21T04:21:01.545Z","url":"https://github.com/ryanve/unlicensed"}
{"level":"info","message":"Starting PR code reviews calculation","service":"package-evaluator","timestamp":"2024-11-21T04:21:01.546Z","url":"https://github.com/ryanve/unlicensed"}
{"level":"info","message":"Starting Dependency Pinning calculation","service":"package-evaluator","timestamp":"2024-11-21T04:21:01.547Z","url":"https://github.com/ryanve/unlicensed"}
{"error":"No such file or directory","level":"error","message":"Error in get_license_compatibility","repoPath":"/Users/jimmyho/Desktop/Fall_2024/ECE46100/Phase_2/Project_Repo/Phase2-Code/cloned_repos","service":"package-evaluator","timestamp":"2024-11-21T04:21:01.547Z"}
{"level":"warn","message":"No closed issues found","owner":"ryanve","repo":"unlicensed","service":"package-evaluator","timestamp":"2024-11-21T04:21:01.813Z"}
{"level":"warn","message":"No pull requests found","owner":"ryanve","repo":"unlicensed","service":"package-evaluator","timestamp":"2024-11-21T04:21:01.816Z"}
{"level":"warn","message":"No issues or pull requests found","service":"package-evaluator","timestamp":"2024-11-21T04:21:01.816Z","url":"https://github.com/ryanve/unlicensed"}
{"latency":271,"level":"info","message":"Responsiveness calculation complete","score":0,"service":"package-evaluator","timestamp":"2024-11-21T04:21:01.816Z","url":"https://github.com/ryanve/unlicensed"}
{"level":"warn","message":"No issues or PRs found for repository","service":"package-evaluator","timestamp":"2024-11-21T04:21:01.825Z"}
{"latency":284,"level":"info","message":"Correctness metric calculation complete","score":0,"service":"package-evaluator","timestamp":"2024-11-21T04:21:01.825Z","url":"https://github.com/ryanve/unlicensed"}
{"level":"warn","message":"No pull requests found","owner":"ryanve","repo":"unlicensed","service":"package-evaluator","timestamp":"2024-11-21T04:21:01.826Z"}
{"latency":280,"level":"info","message":"PR Code Reviews calculation complete","score":0,"service":"package-evaluator","timestamp":"2024-11-21T04:21:01.826Z","url":"https://github.com/ryanve/unlicensed"}
{"level":"warn","message":"Repository has too few contributors or commits for meaningful score","service":"package-evaluator","timestamp":"2024-11-21T04:21:01.842Z","totalCommits":10,"totalContributors":1}
{"busFactor":1,"latency":298,"level":"info","message":"Bus factor calculation complete","normalizedScore":0,"service":"package-evaluator","timestamp":"2024-11-21T04:21:01.842Z","url":"https://github.com/ryanve/unlicensed"}
{"latency":298,"level":"info","message":"Dependency Pinning calculation complete","score":1,"service":"package-evaluator","timestamp":"2024-11-21T04:21:01.845Z","url":"https://github.com/ryanve/unlicensed"}
{"latency":434,"level":"info","message":"Ramp-up time metric calculation complete","score":0.25,"service":"package-evaluator","timestamp":"2024-11-21T04:21:01.979Z","url":"https://github.com/ryanve/unlicensed"}
{"Dependency":1,"PRCodeReviewsResult":0,"busFactor":0,"correctness":0,"level":"info","license":0,"message":"Metrics calculated","netScore":0.1,"rampUp":0.25,"responsiveness":0,"service":"package-evaluator","timestamp":"2024-11-21T04:21:01.979Z","totalLatency":438,"url":"https://github.com/ryanve/unlicensed"}
{"level":"info","message":"NPM package https://www.npmjs.com/package/unlicensed converted to GitHub URL: https://github.com/ryanve/unlicensed","service":"package-evaluator","timestamp":"2024-11-21T04:25:12.002Z"}
{"level":"info","message":"Cloning repository: https://github.com/ryanve/unlicensed","service":"package-evaluator","timestamp":"2024-11-21T04:25:12.004Z"}
{"level":"info","message":"Repository cloned successfully: https://github.com/ryanve/unlicensed","service":"package-evaluator","timestamp":"2024-11-21T04:25:12.004Z"}
{"level":"info","message":"Starting correctness metric calculation","service":"package-evaluator","timestamp":"2024-11-21T04:25:12.005Z","url":"https://github.com/ryanve/unlicensed"}
{"level":"info","message":"Starting bus factor calculation","service":"package-evaluator","timestamp":"2024-11-21T04:25:12.009Z","url":"https://github.com/ryanve/unlicensed"}
{"level":"info","message":"Starting license compatibility check","repoPath":"/Users/jimmyho/Desktop/Fall_2024/ECE46100/Phase_2/Project_Repo/Phase2-Code/cloned_repos","service":"package-evaluator","timestamp":"2024-11-21T04:25:12.010Z"}
{"level":"info","message":"Starting ramp-up time metric calculation","service":"package-evaluator","timestamp":"2024-11-21T04:25:12.011Z","url":"https://github.com/ryanve/unlicensed"}
{"level":"info","message":"Fetching README content","owner":"ryanve","repo":"unlicensed","service":"package-evaluator","timestamp":"2024-11-21T04:25:12.011Z"}
{"level":"info","message":"Starting responsiveness calculation","service":"package-evaluator","timestamp":"2024-11-21T04:25:12.012Z","url":"https://github.com/ryanve/unlicensed"}
{"level":"info","message":"Starting PR code reviews calculation","service":"package-evaluator","timestamp":"2024-11-21T04:25:12.013Z","url":"https://github.com/ryanve/unlicensed"}
{"level":"info","message":"Starting Dependency Pinning calculation","service":"package-evaluator","timestamp":"2024-11-21T04:25:12.014Z","url":"https://github.com/ryanve/unlicensed"}
{"error":"No such file or directory","level":"error","message":"Error in get_license_compatibility","repoPath":"/Users/jimmyho/Desktop/Fall_2024/ECE46100/Phase_2/Project_Repo/Phase2-Code/cloned_repos","service":"package-evaluator","timestamp":"2024-11-21T04:25:12.014Z"}
{"level":"warn","message":"No closed issues found","owner":"ryanve","repo":"unlicensed","service":"package-evaluator","timestamp":"2024-11-21T04:25:12.283Z"}
{"latency":281,"level":"info","message":"Dependency Pinning calculation complete","score":1,"service":"package-evaluator","timestamp":"2024-11-21T04:25:12.295Z","url":"https://github.com/ryanve/unlicensed"}
{"level":"warn","message":"No pull requests found","owner":"ryanve","repo":"unlicensed","service":"package-evaluator","timestamp":"2024-11-21T04:25:12.301Z"}
{"level":"warn","message":"No issues or pull requests found","service":"package-evaluator","timestamp":"2024-11-21T04:25:12.302Z","url":"https://github.com/ryanve/unlicensed"}
{"latency":290,"level":"info","message":"Responsiveness calculation complete","score":0,"service":"package-evaluator","timestamp":"2024-11-21T04:25:12.302Z","url":"https://github.com/ryanve/unlicensed"}
{"level":"warn","message":"No pull requests found","owner":"ryanve","repo":"unlicensed","service":"package-evaluator","timestamp":"2024-11-21T04:25:12.306Z"}
{"latency":293,"level":"info","message":"PR Code Reviews calculation complete","score":0,"service":"package-evaluator","timestamp":"2024-11-21T04:25:12.306Z","url":"https://github.com/ryanve/unlicensed"}
{"level":"warn","message":"No issues or PRs found for repository","service":"package-evaluator","timestamp":"2024-11-21T04:25:12.322Z"}
{"latency":317,"level":"info","message":"Correctness metric calculation complete","score":0,"service":"package-evaluator","timestamp":"2024-11-21T04:25:12.322Z","url":"https://github.com/ryanve/unlicensed"}
{"level":"warn","message":"Repository has too few contributors or commits for meaningful score","service":"package-evaluator","timestamp":"2024-11-21T04:25:12.345Z","totalCommits":10,"totalContributors":1}
{"busFactor":1,"latency":336,"level":"info","message":"Bus factor calculation complete","normalizedScore":0,"service":"package-evaluator","timestamp":"2024-11-21T04:25:12.345Z","url":"https://github.com/ryanve/unlicensed"}
{"latency":484,"level":"info","message":"Ramp-up time metric calculation complete","score":0.25,"service":"package-evaluator","timestamp":"2024-11-21T04:25:12.495Z","url":"https://github.com/ryanve/unlicensed"}
{"Dependency":1,"PRCodeReviewsResult":0,"busFactor":0,"correctness":0,"level":"info","license":0,"message":"Metrics calculated","netScore":0.1,"rampUp":0.25,"responsiveness":0,"service":"package-evaluator","timestamp":"2024-11-21T04:25:12.495Z","totalLatency":490,"url":"https://github.com/ryanve/unlicensed"}
{"level":"info","message":"NPM package https://www.npmjs.com/package/unlicensed converted to GitHub URL: https://github.com/ryanve/unlicensed","service":"package-evaluator","timestamp":"2024-11-21T04:26:35.205Z"}
{"level":"info","message":"Cloning repository: https://github.com/ryanve/unlicensed","service":"package-evaluator","timestamp":"2024-11-21T04:26:35.207Z"}
{"level":"info","message":"Repository cloned successfully: https://github.com/ryanve/unlicensed","service":"package-evaluator","timestamp":"2024-11-21T04:26:35.207Z"}
{"level":"info","message":"Starting correctness metric calculation","service":"package-evaluator","timestamp":"2024-11-21T04:26:35.208Z","url":"https://github.com/ryanve/unlicensed"}
{"level":"info","message":"Starting bus factor calculation","service":"package-evaluator","timestamp":"2024-11-21T04:26:35.211Z","url":"https://github.com/ryanve/unlicensed"}
{"level":"info","message":"Starting license compatibility check","repoPath":"/Users/jimmyho/Desktop/Fall_2024/ECE46100/Phase_2/Project_Repo/Phase2-Code/cloned_repos","service":"package-evaluator","timestamp":"2024-11-21T04:26:35.212Z"}
{"level":"info","message":"Starting ramp-up time metric calculation","service":"package-evaluator","timestamp":"2024-11-21T04:26:35.213Z","url":"https://github.com/ryanve/unlicensed"}
{"level":"info","message":"Fetching README content","owner":"ryanve","repo":"unlicensed","service":"package-evaluator","timestamp":"2024-11-21T04:26:35.213Z"}
{"level":"info","message":"Starting responsiveness calculation","service":"package-evaluator","timestamp":"2024-11-21T04:26:35.214Z","url":"https://github.com/ryanve/unlicensed"}
{"level":"info","message":"Starting PR code reviews calculation","service":"package-evaluator","timestamp":"2024-11-21T04:26:35.215Z","url":"https://github.com/ryanve/unlicensed"}
{"level":"info","message":"Starting Dependency Pinning calculation","service":"package-evaluator","timestamp":"2024-11-21T04:26:35.216Z","url":"https://github.com/ryanve/unlicensed"}
{"error":"No such file or directory","level":"error","message":"Error in get_license_compatibility","repoPath":"/Users/jimmyho/Desktop/Fall_2024/ECE46100/Phase_2/Project_Repo/Phase2-Code/cloned_repos","service":"package-evaluator","timestamp":"2024-11-21T04:26:35.217Z"}
{"level":"warn","message":"No pull requests found","owner":"ryanve","repo":"unlicensed","service":"package-evaluator","timestamp":"2024-11-21T04:26:35.470Z"}
{"latency":256,"level":"info","message":"PR Code Reviews calculation complete","score":0,"service":"package-evaluator","timestamp":"2024-11-21T04:26:35.471Z","url":"https://github.com/ryanve/unlicensed"}
{"level":"warn","message":"No closed issues found","owner":"ryanve","repo":"unlicensed","service":"package-evaluator","timestamp":"2024-11-21T04:26:35.476Z"}
{"level":"warn","message":"No issues or PRs found for repository","service":"package-evaluator","timestamp":"2024-11-21T04:26:35.480Z"}
{"latency":272,"level":"info","message":"Correctness metric calculation complete","score":0,"service":"package-evaluator","timestamp":"2024-11-21T04:26:35.480Z","url":"https://github.com/ryanve/unlicensed"}
{"latency":264,"level":"info","message":"Dependency Pinning calculation complete","score":1,"service":"package-evaluator","timestamp":"2024-11-21T04:26:35.480Z","url":"https://github.com/ryanve/unlicensed"}
{"level":"warn","message":"No pull requests found","owner":"ryanve","repo":"unlicensed","service":"package-evaluator","timestamp":"2024-11-21T04:26:35.539Z"}
{"level":"warn","message":"No issues or pull requests found","service":"package-evaluator","timestamp":"2024-11-21T04:26:35.539Z","url":"https://github.com/ryanve/unlicensed"}
{"latency":325,"level":"info","message":"Responsiveness calculation complete","score":0,"service":"package-evaluator","timestamp":"2024-11-21T04:26:35.539Z","url":"https://github.com/ryanve/unlicensed"}
{"latency":424,"level":"info","message":"Ramp-up time metric calculation complete","score":0.25,"service":"package-evaluator","timestamp":"2024-11-21T04:26:35.637Z","url":"https://github.com/ryanve/unlicensed"}
{"level":"warn","message":"Repository has too few contributors or commits for meaningful score","service":"package-evaluator","timestamp":"2024-11-21T04:26:35.819Z","totalCommits":10,"totalContributors":1}
{"busFactor":1,"latency":608,"level":"info","message":"Bus factor calculation complete","normalizedScore":0,"service":"package-evaluator","timestamp":"2024-11-21T04:26:35.819Z","url":"https://github.com/ryanve/unlicensed"}
{"Dependency":1,"PRCodeReviewsResult":0,"busFactor":0,"correctness":0,"level":"info","license":0,"message":"Metrics calculated","netScore":0.1,"rampUp":0.25,"responsiveness":0,"service":"package-evaluator","timestamp":"2024-11-21T04:26:35.819Z","totalLatency":611,"url":"https://github.com/ryanve/unlicensed"}
{"level":"info","message":"Cloning repository: https://github.com/cloudinary/cloudinary_npm","service":"package-evaluator","timestamp":"2024-11-21T04:28:21.318Z"}
{"level":"info","message":"Repository cloned successfully: https://github.com/cloudinary/cloudinary_npm","service":"package-evaluator","timestamp":"2024-11-21T04:28:21.318Z"}
{"level":"info","message":"Starting correctness metric calculation","service":"package-evaluator","timestamp":"2024-11-21T04:28:21.318Z","url":"https://github.com/cloudinary/cloudinary_npm"}
{"level":"info","message":"Starting bus factor calculation","service":"package-evaluator","timestamp":"2024-11-21T04:28:21.325Z","url":"https://github.com/cloudinary/cloudinary_npm"}
{"level":"info","message":"Starting license compatibility check","repoPath":"/Users/jimmyho/Desktop/Fall_2024/ECE46100/Phase_2/Project_Repo/Phase2-Code/cloned_repos","service":"package-evaluator","timestamp":"2024-11-21T04:28:21.326Z"}
{"level":"info","message":"Starting ramp-up time metric calculation","service":"package-evaluator","timestamp":"2024-11-21T04:28:21.328Z","url":"https://github.com/cloudinary/cloudinary_npm"}
{"level":"info","message":"Fetching README content","owner":"cloudinary","repo":"cloudinary_npm","service":"package-evaluator","timestamp":"2024-11-21T04:28:21.328Z"}
{"level":"info","message":"Starting responsiveness calculation","service":"package-evaluator","timestamp":"2024-11-21T04:28:21.329Z","url":"https://github.com/cloudinary/cloudinary_npm"}
{"level":"info","message":"Starting PR code reviews calculation","service":"package-evaluator","timestamp":"2024-11-21T04:28:21.330Z","url":"https://github.com/cloudinary/cloudinary_npm"}
{"level":"info","message":"Starting Dependency Pinning calculation","service":"package-evaluator","timestamp":"2024-11-21T04:28:21.330Z","url":"https://github.com/cloudinary/cloudinary_npm"}
{"error":"No such file or directory","level":"error","message":"Error in get_license_compatibility","repoPath":"/Users/jimmyho/Desktop/Fall_2024/ECE46100/Phase_2/Project_Repo/Phase2-Code/cloned_repos","service":"package-evaluator","timestamp":"2024-11-21T04:28:21.331Z"}
{"latency":369,"level":"info","message":"Dependency Pinning calculation complete","score":0.08695652173913043,"service":"package-evaluator","timestamp":"2024-11-21T04:28:21.699Z","url":"https://github.com/cloudinary/cloudinary_npm"}
{"latency":524,"level":"info","message":"Ramp-up time metric calculation complete","score":1,"service":"package-evaluator","timestamp":"2024-11-21T04:28:21.852Z","url":"https://github.com/cloudinary/cloudinary_npm"}
{"latency":590,"level":"info","message":"Correctness metric calculation complete","score":0.6594471625540576,"service":"package-evaluator","timestamp":"2024-11-21T04:28:21.908Z","url":"https://github.com/cloudinary/cloudinary_npm"}
{"busFactor":3,"latency":609,"level":"info","message":"Bus factor calculation complete","normalizedScore":1,"service":"package-evaluator","timestamp":"2024-11-21T04:28:21.934Z","url":"https://github.com/cloudinary/cloudinary_npm"}
{"latency":5423,"level":"info","message":"Responsiveness calculation complete","score":0.38871271604938284,"service":"package-evaluator","timestamp":"2024-11-21T04:28:26.752Z","url":"https://github.com/cloudinary/cloudinary_npm"}
{"level":"info","message":"Cloning repository: https://github.com/cloudinary/cloudinary_npm","service":"package-evaluator","timestamp":"2024-11-21T04:28:33.298Z"}
{"level":"info","message":"Repository cloned successfully: https://github.com/cloudinary/cloudinary_npm","service":"package-evaluator","timestamp":"2024-11-21T04:28:33.298Z"}
{"level":"info","message":"Starting correctness metric calculation","service":"package-evaluator","timestamp":"2024-11-21T04:28:33.298Z","url":"https://github.com/cloudinary/cloudinary_npm"}
{"level":"info","message":"Starting bus factor calculation","service":"package-evaluator","timestamp":"2024-11-21T04:28:33.312Z","url":"https://github.com/cloudinary/cloudinary_npm"}
{"level":"info","message":"Starting license compatibility check","repoPath":"/Users/jimmyho/Desktop/Fall_2024/ECE46100/Phase_2/Project_Repo/Phase2-Code/cloned_repos","service":"package-evaluator","timestamp":"2024-11-21T04:28:33.313Z"}
{"level":"info","message":"Starting ramp-up time metric calculation","service":"package-evaluator","timestamp":"2024-11-21T04:28:33.313Z","url":"https://github.com/cloudinary/cloudinary_npm"}
{"level":"info","message":"Fetching README content","owner":"cloudinary","repo":"cloudinary_npm","service":"package-evaluator","timestamp":"2024-11-21T04:28:33.313Z"}
{"level":"info","message":"Starting responsiveness calculation","service":"package-evaluator","timestamp":"2024-11-21T04:28:33.313Z","url":"https://github.com/cloudinary/cloudinary_npm"}
{"level":"info","message":"Starting PR code reviews calculation","service":"package-evaluator","timestamp":"2024-11-21T04:28:33.314Z","url":"https://github.com/cloudinary/cloudinary_npm"}
{"level":"info","message":"Starting Dependency Pinning calculation","service":"package-evaluator","timestamp":"2024-11-21T04:28:33.314Z","url":"https://github.com/cloudinary/cloudinary_npm"}
{"error":"No such file or directory","level":"error","message":"Error in get_license_compatibility","repoPath":"/Users/jimmyho/Desktop/Fall_2024/ECE46100/Phase_2/Project_Repo/Phase2-Code/cloned_repos","service":"package-evaluator","timestamp":"2024-11-21T04:28:33.315Z"}
{"busFactor":3,"latency":256,"level":"info","message":"Bus factor calculation complete","normalizedScore":1,"service":"package-evaluator","timestamp":"2024-11-21T04:28:33.568Z","url":"https://github.com/cloudinary/cloudinary_npm"}
{"latency":268,"level":"info","message":"Dependency Pinning calculation complete","score":0.08695652173913043,"service":"package-evaluator","timestamp":"2024-11-21T04:28:33.582Z","url":"https://github.com/cloudinary/cloudinary_npm"}
{"latency":293,"level":"info","message":"Ramp-up time metric calculation complete","score":1,"service":"package-evaluator","timestamp":"2024-11-21T04:28:33.606Z","url":"https://github.com/cloudinary/cloudinary_npm"}
{"latency":382,"level":"info","message":"Correctness metric calculation complete","score":0.6594471625540576,"service":"package-evaluator","timestamp":"2024-11-21T04:28:33.680Z","url":"https://github.com/cloudinary/cloudinary_npm"}
{"latency":5182,"level":"info","message":"Responsiveness calculation complete","score":0.38871271604938284,"service":"package-evaluator","timestamp":"2024-11-21T04:28:38.495Z","url":"https://github.com/cloudinary/cloudinary_npm"}
{"latency":58705,"level":"info","message":"PR Code Reviews calculation complete","score":0.8841914540238562,"service":"package-evaluator","timestamp":"2024-11-21T04:29:20.035Z","url":"https://github.com/cloudinary/cloudinary_npm"}
{"Dependency":0.08695652173913043,"PRCodeReviewsResult":0.8841914540238562,"busFactor":1,"correctness":0.6594471625540576,"level":"info","license":0,"message":"Metrics calculated","netScore":0.6581893745088374,"rampUp":1,"responsiveness":0.38871271604938284,"service":"package-evaluator","timestamp":"2024-11-21T04:29:20.036Z","totalLatency":58718,"url":"https://github.com/cloudinary/cloudinary_npm"}
{"latency":53522,"level":"info","message":"PR Code Reviews calculation complete","score":0.8841914540238562,"service":"package-evaluator","timestamp":"2024-11-21T04:29:26.836Z","url":"https://github.com/cloudinary/cloudinary_npm"}
{"Dependency":0.08695652173913043,"PRCodeReviewsResult":0.8841914540238562,"busFactor":1,"correctness":0.6594471625540576,"level":"info","license":0,"message":"Metrics calculated","netScore":0.6581893745088374,"rampUp":1,"responsiveness":0.38871271604938284,"service":"package-evaluator","timestamp":"2024-11-21T04:29:26.836Z","totalLatency":53538,"url":"https://github.com/cloudinary/cloudinary_npm"}
{"level":"info","message":"Cloning repository: https://github.com/cloudinary/cloudinary_npm","service":"package-evaluator","timestamp":"2024-11-21T14:45:20.221Z"}
{"level":"info","message":"Repository cloned successfully: https://github.com/cloudinary/cloudinary_npm","service":"package-evaluator","timestamp":"2024-11-21T14:45:20.222Z"}
{"level":"info","message":"Starting correctness metric calculation","service":"package-evaluator","timestamp":"2024-11-21T14:45:20.223Z","url":"https://github.com/cloudinary/cloudinary_npm"}
{"level":"info","message":"Starting bus factor calculation","service":"package-evaluator","timestamp":"2024-11-21T14:45:20.246Z","url":"https://github.com/cloudinary/cloudinary_npm"}
{"level":"info","message":"Starting license compatibility check","repoPath":"/Users/jimmyho/Desktop/Fall_2024/ECE46100/Phase_2/Project_Repo/Phase2-Code/cloned_repos","service":"package-evaluator","timestamp":"2024-11-21T14:45:20.247Z"}
{"level":"info","message":"Starting ramp-up time metric calculation","service":"package-evaluator","timestamp":"2024-11-21T14:45:20.248Z","url":"https://github.com/cloudinary/cloudinary_npm"}
{"level":"info","message":"Fetching README content","owner":"cloudinary","repo":"cloudinary_npm","service":"package-evaluator","timestamp":"2024-11-21T14:45:20.249Z"}
{"level":"info","message":"Starting responsiveness calculation","service":"package-evaluator","timestamp":"2024-11-21T14:45:20.250Z","url":"https://github.com/cloudinary/cloudinary_npm"}
{"level":"info","message":"Starting PR code reviews calculation","service":"package-evaluator","timestamp":"2024-11-21T14:45:20.251Z","url":"https://github.com/cloudinary/cloudinary_npm"}
{"level":"info","message":"Starting Dependency Pinning calculation","service":"package-evaluator","timestamp":"2024-11-21T14:45:20.252Z","url":"https://github.com/cloudinary/cloudinary_npm"}
{"error":"No such file or directory","level":"error","message":"Error in get_license_compatibility","repoPath":"/Users/jimmyho/Desktop/Fall_2024/ECE46100/Phase_2/Project_Repo/Phase2-Code/cloned_repos","service":"package-evaluator","timestamp":"2024-11-21T14:45:20.252Z"}
{"latency":239,"level":"info","message":"Dependency Pinning calculation complete","score":0.08695652173913043,"service":"package-evaluator","timestamp":"2024-11-21T14:45:20.492Z","url":"https://github.com/cloudinary/cloudinary_npm"}
{"latency":399,"level":"info","message":"Ramp-up time metric calculation complete","score":1,"service":"package-evaluator","timestamp":"2024-11-21T14:45:20.647Z","url":"https://github.com/cloudinary/cloudinary_npm"}
{"busFactor":3,"latency":538,"level":"info","message":"Bus factor calculation complete","normalizedScore":1,"service":"package-evaluator","timestamp":"2024-11-21T14:45:20.784Z","url":"https://github.com/cloudinary/cloudinary_npm"}
{"latency":597,"level":"info","message":"Correctness metric calculation complete","score":0.6594471625540576,"service":"package-evaluator","timestamp":"2024-11-21T14:45:20.820Z","url":"https://github.com/cloudinary/cloudinary_npm"}
{"latency":4968,"level":"info","message":"Responsiveness calculation complete","score":0.38871271604938284,"service":"package-evaluator","timestamp":"2024-11-21T14:45:25.218Z","url":"https://github.com/cloudinary/cloudinary_npm"}
{"level":"info","message":"Cloning repository: https://github.com/mrdoob/three.js/","service":"package-evaluator","timestamp":"2024-11-21T14:49:54.726Z"}
{"level":"info","message":"Repository cloned successfully: https://github.com/mrdoob/three.js/","service":"package-evaluator","timestamp":"2024-11-21T14:49:54.728Z"}
{"level":"info","message":"Starting correctness metric calculation","service":"package-evaluator","timestamp":"2024-11-21T14:49:54.729Z","url":"https://github.com/mrdoob/three.js/"}
{"level":"info","message":"Starting bus factor calculation","service":"package-evaluator","timestamp":"2024-11-21T14:49:54.752Z","url":"https://github.com/mrdoob/three.js/"}
{"level":"info","message":"Starting license compatibility check","repoPath":"/Users/jimmyho/Desktop/Fall_2024/ECE46100/Phase_2/Project_Repo/Phase2-Code/cloned_repos","service":"package-evaluator","timestamp":"2024-11-21T14:49:54.754Z"}
{"level":"info","message":"Starting ramp-up time metric calculation","service":"package-evaluator","timestamp":"2024-11-21T14:49:54.754Z","url":"https://github.com/mrdoob/three.js/"}
{"level":"info","message":"Fetching README content","owner":"mrdoob","repo":"three.js","service":"package-evaluator","timestamp":"2024-11-21T14:49:54.755Z"}
{"level":"info","message":"Starting responsiveness calculation","service":"package-evaluator","timestamp":"2024-11-21T14:49:54.755Z","url":"https://github.com/mrdoob/three.js/"}
{"level":"info","message":"Starting PR code reviews calculation","service":"package-evaluator","timestamp":"2024-11-21T14:49:54.757Z","url":"https://github.com/mrdoob/three.js/"}
{"level":"info","message":"Starting Dependency Pinning calculation","service":"package-evaluator","timestamp":"2024-11-21T14:49:54.758Z","url":"https://github.com/mrdoob/three.js/"}
{"error":"No such file or directory","level":"error","message":"Error in get_license_compatibility","repoPath":"/Users/jimmyho/Desktop/Fall_2024/ECE46100/Phase_2/Project_Repo/Phase2-Code/cloned_repos","service":"package-evaluator","timestamp":"2024-11-21T14:49:54.759Z"}
{"latency":285,"level":"info","message":"Dependency Pinning calculation complete","score":0,"service":"package-evaluator","timestamp":"2024-11-21T14:49:55.043Z","url":"https://github.com/mrdoob/three.js/"}
{"latency":334,"level":"info","message":"Ramp-up time metric calculation complete","score":0.8500000000000001,"service":"package-evaluator","timestamp":"2024-11-21T14:49:55.088Z","url":"https://github.com/mrdoob/three.js/"}
{"busFactor":9,"latency":430,"level":"info","message":"Bus factor calculation complete","normalizedScore":1,"service":"package-evaluator","timestamp":"2024-11-21T14:49:55.182Z","url":"https://github.com/mrdoob/three.js/"}
{"latency":741,"level":"info","message":"Correctness metric calculation complete","score":0.5058721119447323,"service":"package-evaluator","timestamp":"2024-11-21T14:49:55.470Z","url":"https://github.com/mrdoob/three.js/"}
{"latency":4575,"level":"info","message":"Responsiveness calculation complete","score":0.9345036728395062,"service":"package-evaluator","timestamp":"2024-11-21T14:49:59.330Z","url":"https://github.com/mrdoob/three.js/"}
{"level":"info","message":"Cloning repository: https://github.com/mrdoob/three.js/","service":"package-evaluator","timestamp":"2024-11-21T14:50:46.894Z"}
{"level":"info","message":"Repository cloned successfully: https://github.com/mrdoob/three.js/","service":"package-evaluator","timestamp":"2024-11-21T14:50:46.895Z"}
{"level":"info","message":"Starting correctness metric calculation","service":"package-evaluator","timestamp":"2024-11-21T14:50:46.897Z","url":"https://github.com/mrdoob/three.js/"}
{"level":"info","message":"Starting bus factor calculation","service":"package-evaluator","timestamp":"2024-11-21T14:50:46.921Z","url":"https://github.com/mrdoob/three.js/"}
{"level":"info","message":"Starting license compatibility check","repoPath":"/Users/jimmyho/Desktop/Fall_2024/ECE46100/Phase_2/Project_Repo/Phase2-Code/cloned_repos","service":"package-evaluator","timestamp":"2024-11-21T14:50:46.923Z"}
{"level":"info","message":"Starting ramp-up time metric calculation","service":"package-evaluator","timestamp":"2024-11-21T14:50:46.924Z","url":"https://github.com/mrdoob/three.js/"}
{"level":"info","message":"Fetching README content","owner":"mrdoob","repo":"three.js","service":"package-evaluator","timestamp":"2024-11-21T14:50:46.924Z"}
{"level":"info","message":"Starting responsiveness calculation","service":"package-evaluator","timestamp":"2024-11-21T14:50:46.925Z","url":"https://github.com/mrdoob/three.js/"}
{"level":"info","message":"Starting PR code reviews calculation","service":"package-evaluator","timestamp":"2024-11-21T14:50:46.927Z","url":"https://github.com/mrdoob/three.js/"}
{"level":"info","message":"Starting Dependency Pinning calculation","service":"package-evaluator","timestamp":"2024-11-21T14:50:46.928Z","url":"https://github.com/mrdoob/three.js/"}
{"error":"No such file or directory","level":"error","message":"Error in get_license_compatibility","repoPath":"/Users/jimmyho/Desktop/Fall_2024/ECE46100/Phase_2/Project_Repo/Phase2-Code/cloned_repos","service":"package-evaluator","timestamp":"2024-11-21T14:50:46.929Z"}
{"latency":155,"level":"info","message":"Dependency Pinning calculation complete","score":0,"service":"package-evaluator","timestamp":"2024-11-21T14:50:47.083Z","url":"https://github.com/mrdoob/three.js/"}
{"latency":253,"level":"info","message":"Ramp-up time metric calculation complete","score":0.8500000000000001,"service":"package-evaluator","timestamp":"2024-11-21T14:50:47.177Z","url":"https://github.com/mrdoob/three.js/"}
{"busFactor":9,"latency":304,"level":"info","message":"Bus factor calculation complete","normalizedScore":1,"service":"package-evaluator","timestamp":"2024-11-21T14:50:47.225Z","url":"https://github.com/mrdoob/three.js/"}
{"latency":772,"level":"info","message":"Correctness metric calculation complete","score":0.5058721119447323,"service":"package-evaluator","timestamp":"2024-11-21T14:50:47.669Z","url":"https://github.com/mrdoob/three.js/"}
{"latency":4442,"level":"info","message":"Responsiveness calculation complete","score":0.9345036728395062,"service":"package-evaluator","timestamp":"2024-11-21T14:50:51.367Z","url":"https://github.com/mrdoob/three.js/"}
{"latency":50140,"level":"info","message":"PR Code Reviews calculation complete","score":0.34099509460406446,"service":"package-evaluator","timestamp":"2024-11-21T14:51:37.067Z","url":"https://github.com/mrdoob/three.js/"}
{"Dependency":0,"PRCodeReviewsResult":0.34099509460406446,"busFactor":1,"correctness":0.5058721119447323,"level":"info","license":0,"message":"Metrics calculated","netScore":0.6751249116870509,"rampUp":0.8500000000000001,"responsiveness":0.9345036728395062,"service":"package-evaluator","timestamp":"2024-11-21T14:51:37.068Z","totalLatency":50172,"url":"https://github.com/mrdoob/three.js/"}
{"level":"info","message":"NPM package https://www.npmjs.com/package/unlicensed converted to GitHub URL: https://github.com/ryanve/unlicensed","service":"package-evaluator","timestamp":"2024-11-21T14:51:53.910Z"}
{"level":"info","message":"Cloning repository: https://github.com/ryanve/unlicensed","service":"package-evaluator","timestamp":"2024-11-21T14:51:53.910Z"}
{"level":"info","message":"Repository cloned successfully: https://github.com/ryanve/unlicensed","service":"package-evaluator","timestamp":"2024-11-21T14:51:53.911Z"}
{"level":"info","message":"Starting correctness metric calculation","service":"package-evaluator","timestamp":"2024-11-21T14:51:53.911Z","url":"https://github.com/ryanve/unlicensed"}
{"level":"info","message":"Starting bus factor calculation","service":"package-evaluator","timestamp":"2024-11-21T14:51:53.915Z","url":"https://github.com/ryanve/unlicensed"}
{"level":"info","message":"Starting license compatibility check","repoPath":"/Users/jimmyho/Desktop/Fall_2024/ECE46100/Phase_2/Project_Repo/Phase2-Code/cloned_repos","service":"package-evaluator","timestamp":"2024-11-21T14:51:53.916Z"}
{"level":"info","message":"Starting ramp-up time metric calculation","service":"package-evaluator","timestamp":"2024-11-21T14:51:53.917Z","url":"https://github.com/ryanve/unlicensed"}
{"level":"info","message":"Fetching README content","owner":"ryanve","repo":"unlicensed","service":"package-evaluator","timestamp":"2024-11-21T14:51:53.918Z"}
{"level":"info","message":"Starting responsiveness calculation","service":"package-evaluator","timestamp":"2024-11-21T14:51:53.918Z","url":"https://github.com/ryanve/unlicensed"}
{"level":"info","message":"Starting PR code reviews calculation","service":"package-evaluator","timestamp":"2024-11-21T14:51:53.919Z","url":"https://github.com/ryanve/unlicensed"}
{"level":"info","message":"Starting Dependency Pinning calculation","service":"package-evaluator","timestamp":"2024-11-21T14:51:53.919Z","url":"https://github.com/ryanve/unlicensed"}
{"error":"No such file or directory","level":"error","message":"Error in get_license_compatibility","repoPath":"/Users/jimmyho/Desktop/Fall_2024/ECE46100/Phase_2/Project_Repo/Phase2-Code/cloned_repos","service":"package-evaluator","timestamp":"2024-11-21T14:51:53.920Z"}
{"level":"warn","message":"No pull requests found","owner":"ryanve","repo":"unlicensed","service":"package-evaluator","timestamp":"2024-11-21T14:51:54.054Z"}
{"latency":135,"level":"info","message":"PR Code Reviews calculation complete","score":0,"service":"package-evaluator","timestamp":"2024-11-21T14:51:54.054Z","url":"https://github.com/ryanve/unlicensed"}
{"level":"warn","message":"No closed issues found","owner":"ryanve","repo":"unlicensed","service":"package-evaluator","timestamp":"2024-11-21T14:51:54.066Z"}
{"level":"warn","message":"No pull requests found","owner":"ryanve","repo":"unlicensed","service":"package-evaluator","timestamp":"2024-11-21T14:51:54.086Z"}
{"level":"warn","message":"No issues or pull requests found","service":"package-evaluator","timestamp":"2024-11-21T14:51:54.086Z","url":"https://github.com/ryanve/unlicensed"}
{"latency":168,"level":"info","message":"Responsiveness calculation complete","score":0,"service":"package-evaluator","timestamp":"2024-11-21T14:51:54.086Z","url":"https://github.com/ryanve/unlicensed"}
{"level":"warn","message":"No issues or PRs found for repository","service":"package-evaluator","timestamp":"2024-11-21T14:51:54.101Z"}
{"latency":190,"level":"info","message":"Correctness metric calculation complete","score":0,"service":"package-evaluator","timestamp":"2024-11-21T14:51:54.101Z","url":"https://github.com/ryanve/unlicensed"}
{"latency":208,"level":"info","message":"Dependency Pinning calculation complete","score":1,"service":"package-evaluator","timestamp":"2024-11-21T14:51:54.127Z","url":"https://github.com/ryanve/unlicensed"}
{"level":"warn","message":"Repository has too few contributors or commits for meaningful score","service":"package-evaluator","timestamp":"2024-11-21T14:51:54.166Z","totalCommits":10,"totalContributors":1}
{"busFactor":1,"latency":251,"level":"info","message":"Bus factor calculation complete","normalizedScore":0,"service":"package-evaluator","timestamp":"2024-11-21T14:51:54.166Z","url":"https://github.com/ryanve/unlicensed"}
{"latency":413,"level":"info","message":"Ramp-up time metric calculation complete","score":0.25,"service":"package-evaluator","timestamp":"2024-11-21T14:51:54.330Z","url":"https://github.com/ryanve/unlicensed"}
{"Dependency":1,"PRCodeReviewsResult":0,"busFactor":0,"correctness":0,"level":"info","license":0,"message":"Metrics calculated","netScore":0.1,"rampUp":0.25,"responsiveness":0,"service":"package-evaluator","timestamp":"2024-11-21T14:51:54.330Z","totalLatency":419,"url":"https://github.com/ryanve/unlicensed"}
{"level":"info","message":"NPM package https://www.npmjs.com/package/unlicensed converted to GitHub URL: https://github.com/ryanve/unlicensed","service":"package-evaluator","timestamp":"2024-11-21T14:54:51.015Z"}
{"level":"info","message":"Cloning repository: https://github.com/ryanve/unlicensed","service":"package-evaluator","timestamp":"2024-11-21T14:54:51.018Z"}
{"level":"info","message":"Repository cloned successfully: https://github.com/ryanve/unlicensed","service":"package-evaluator","timestamp":"2024-11-21T14:54:51.018Z"}
{"level":"info","message":"Starting correctness metric calculation","service":"package-evaluator","timestamp":"2024-11-21T14:54:51.019Z","url":"https://github.com/ryanve/unlicensed"}
{"level":"info","message":"Starting bus factor calculation","service":"package-evaluator","timestamp":"2024-11-21T14:54:51.023Z","url":"https://github.com/ryanve/unlicensed"}
{"level":"info","message":"Starting license compatibility check","repoPath":"/Users/jimmyho/Desktop/Fall_2024/ECE46100/Phase_2/Project_Repo/Phase2-Code/cloned_repos","service":"package-evaluator","timestamp":"2024-11-21T14:54:51.024Z"}
{"level":"info","message":"Starting ramp-up time metric calculation","service":"package-evaluator","timestamp":"2024-11-21T14:54:51.025Z","url":"https://github.com/ryanve/unlicensed"}
{"level":"info","message":"Fetching README content","owner":"ryanve","repo":"unlicensed","service":"package-evaluator","timestamp":"2024-11-21T14:54:51.026Z"}
{"level":"info","message":"Starting responsiveness calculation","service":"package-evaluator","timestamp":"2024-11-21T14:54:51.026Z","url":"https://github.com/ryanve/unlicensed"}
{"level":"info","message":"Starting PR code reviews calculation","service":"package-evaluator","timestamp":"2024-11-21T14:54:51.028Z","url":"https://github.com/ryanve/unlicensed"}
{"level":"info","message":"Starting Dependency Pinning calculation","service":"package-evaluator","timestamp":"2024-11-21T14:54:51.029Z","url":"https://github.com/ryanve/unlicensed"}
{"error":"No such file or directory","level":"error","message":"Error in get_license_compatibility","repoPath":"/Users/jimmyho/Desktop/Fall_2024/ECE46100/Phase_2/Project_Repo/Phase2-Code/cloned_repos","service":"package-evaluator","timestamp":"2024-11-21T14:54:51.030Z"}
{"level":"warn","message":"No pull requests found","owner":"ryanve","repo":"unlicensed","service":"package-evaluator","timestamp":"2024-11-21T14:54:51.166Z"}
{"level":"warn","message":"No pull requests found","owner":"ryanve","repo":"unlicensed","service":"package-evaluator","timestamp":"2024-11-21T14:54:51.167Z"}
{"latency":139,"level":"info","message":"PR Code Reviews calculation complete","score":0,"service":"package-evaluator","timestamp":"2024-11-21T14:54:51.167Z","url":"https://github.com/ryanve/unlicensed"}
{"level":"warn","message":"No closed issues found","owner":"ryanve","repo":"unlicensed","service":"package-evaluator","timestamp":"2024-11-21T14:54:51.181Z"}
{"level":"warn","message":"No issues or pull requests found","service":"package-evaluator","timestamp":"2024-11-21T14:54:51.181Z","url":"https://github.com/ryanve/unlicensed"}
{"latency":155,"level":"info","message":"Responsiveness calculation complete","score":0,"service":"package-evaluator","timestamp":"2024-11-21T14:54:51.181Z","url":"https://github.com/ryanve/unlicensed"}
{"level":"warn","message":"No issues or PRs found for repository","service":"package-evaluator","timestamp":"2024-11-21T14:54:51.194Z"}
{"latency":175,"level":"info","message":"Correctness metric calculation complete","score":0,"service":"package-evaluator","timestamp":"2024-11-21T14:54:51.194Z","url":"https://github.com/ryanve/unlicensed"}
{"latency":248,"level":"info","message":"Dependency Pinning calculation complete","score":1,"service":"package-evaluator","timestamp":"2024-11-21T14:54:51.277Z","url":"https://github.com/ryanve/unlicensed"}
{"level":"warn","message":"Repository has too few contributors or commits for meaningful score","service":"package-evaluator","timestamp":"2024-11-21T14:54:51.286Z","totalCommits":10,"totalContributors":1}
{"busFactor":1,"latency":263,"level":"info","message":"Bus factor calculation complete","normalizedScore":0,"service":"package-evaluator","timestamp":"2024-11-21T14:54:51.286Z","url":"https://github.com/ryanve/unlicensed"}
{"latency":340,"level":"info","message":"Ramp-up time metric calculation complete","score":0.25,"service":"package-evaluator","timestamp":"2024-11-21T14:54:51.365Z","url":"https://github.com/ryanve/unlicensed"}
{"Dependency":1,"PRCodeReviewsResult":0,"busFactor":0,"correctness":0,"level":"info","license":0,"message":"Metrics calculated","netScore":0.1,"rampUp":0.25,"responsiveness":0,"service":"package-evaluator","timestamp":"2024-11-21T14:54:51.366Z","totalLatency":346,"url":"https://github.com/ryanve/unlicensed"}
{"level":"info","message":"Cloning repository: https://github.com/cloudinary/cloudinary_npm","service":"package-evaluator","timestamp":"2024-11-21T14:55:06.541Z"}
{"level":"info","message":"Repository cloned successfully: https://github.com/cloudinary/cloudinary_npm","service":"package-evaluator","timestamp":"2024-11-21T14:55:06.542Z"}
{"level":"info","message":"Starting correctness metric calculation","service":"package-evaluator","timestamp":"2024-11-21T14:55:06.543Z","url":"https://github.com/cloudinary/cloudinary_npm"}
{"level":"info","message":"Starting bus factor calculation","service":"package-evaluator","timestamp":"2024-11-21T14:55:06.547Z","url":"https://github.com/cloudinary/cloudinary_npm"}
{"level":"info","message":"Starting license compatibility check","repoPath":"/Users/jimmyho/Desktop/Fall_2024/ECE46100/Phase_2/Project_Repo/Phase2-Code/cloned_repos","service":"package-evaluator","timestamp":"2024-11-21T14:55:06.548Z"}
{"level":"info","message":"Starting ramp-up time metric calculation","service":"package-evaluator","timestamp":"2024-11-21T14:55:06.548Z","url":"https://github.com/cloudinary/cloudinary_npm"}
{"level":"info","message":"Fetching README content","owner":"cloudinary","repo":"cloudinary_npm","service":"package-evaluator","timestamp":"2024-11-21T14:55:06.548Z"}
{"level":"info","message":"Starting responsiveness calculation","service":"package-evaluator","timestamp":"2024-11-21T14:55:06.549Z","url":"https://github.com/cloudinary/cloudinary_npm"}
{"level":"info","message":"Starting PR code reviews calculation","service":"package-evaluator","timestamp":"2024-11-21T14:55:06.550Z","url":"https://github.com/cloudinary/cloudinary_npm"}
{"level":"info","message":"Starting Dependency Pinning calculation","service":"package-evaluator","timestamp":"2024-11-21T14:55:06.551Z","url":"https://github.com/cloudinary/cloudinary_npm"}
{"error":"No such file or directory","level":"error","message":"Error in get_license_compatibility","repoPath":"/Users/jimmyho/Desktop/Fall_2024/ECE46100/Phase_2/Project_Repo/Phase2-Code/cloned_repos","service":"package-evaluator","timestamp":"2024-11-21T14:55:06.553Z"}
{"latency":161,"level":"info","message":"Dependency Pinning calculation complete","score":0.08695652173913043,"service":"package-evaluator","timestamp":"2024-11-21T14:55:06.712Z","url":"https://github.com/cloudinary/cloudinary_npm"}
{"busFactor":3,"latency":268,"level":"info","message":"Bus factor calculation complete","normalizedScore":1,"service":"package-evaluator","timestamp":"2024-11-21T14:55:06.815Z","url":"https://github.com/cloudinary/cloudinary_npm"}
{"latency":281,"level":"info","message":"Ramp-up time metric calculation complete","score":1,"service":"package-evaluator","timestamp":"2024-11-21T14:55:06.829Z","url":"https://github.com/cloudinary/cloudinary_npm"}
{"latency":399,"level":"info","message":"Correctness metric calculation complete","score":0.6594471625540576,"service":"package-evaluator","timestamp":"2024-11-21T14:55:06.942Z","url":"https://github.com/cloudinary/cloudinary_npm"}
{"latency":5128,"level":"info","message":"Responsiveness calculation complete","score":0.38871271604938284,"service":"package-evaluator","timestamp":"2024-11-21T14:55:11.677Z","url":"https://github.com/cloudinary/cloudinary_npm"}
{"latency":58101,"level":"info","message":"PR Code Reviews calculation complete","score":0.8841914540238562,"service":"package-evaluator","timestamp":"2024-11-21T14:56:04.652Z","url":"https://github.com/cloudinary/cloudinary_npm"}
{"Dependency":0.08695652173913043,"PRCodeReviewsResult":0.8841914540238562,"busFactor":1,"correctness":0.6594471625540576,"level":"info","license":0,"message":"Metrics calculated","netScore":0.6581893745088374,"rampUp":1,"responsiveness":0.38871271604938284,"service":"package-evaluator","timestamp":"2024-11-21T14:56:04.653Z","totalLatency":58110,"url":"https://github.com/cloudinary/cloudinary_npm"}
